1605850769007	mozrunner::runner	INFO	Running command: "/usr/bin/firefox" "-marionette" "--headless" "--disable-notifications" "--disable-infobars" "--disable-extensions" "-foreground" "-no-remote" "-profile" "/tmp/rust_mozprofile09ib27"
*** You are running in headless mode.
Exiting due to channel error.
Exiting due to channel error.
1605850846656	mozrunner::runner	INFO	Running command: "/usr/bin/firefox" "-marionette" "--headless" "--disable-notifications" "--disable-infobars" "--disable-extensions" "-foreground" "-no-remote" "-profile" "/tmp/rust_mozprofileB9ZQtZ"
*** You are running in headless mode.
console.warn: SearchSettings: "get: No settings file exists, new profile?" (new Error("", "(unknown module)"))
1605850865439	Marionette	INFO	Listening on port 40237
1605850865759	Marionette	WARN	TLS certificate errors will be ignored for this session
JavaScript warning: https://www.bookmyforex.com/assets/www/js/jquery-1.10.2.min.js?v=20190201, line 2: Using //@ to indicate sourceMappingURL pragmas is deprecated. Use //# instead
1605850909344	Marionette	INFO	Stopped listening on port 40237
*** UTM:SVC TimerManager:registerTimer called after profile-before-change notification. Ignoring timer registration for id: telemetry_modules_ping
1605850921332	mozrunner::runner	INFO	Running command: "/usr/bin/firefox" "-marionette" "--headless" "--disable-notifications" "--disable-infobars" "--disable-extensions" "-foreground" "-no-remote" "-profile" "/tmp/rust_mozprofileEnrrgK"
*** You are running in headless mode.
console.warn: SearchSettings: "get: No settings file exists, new profile?" (new Error("", "(unknown module)"))
1605850957204	Marionette	INFO	Listening on port 43711
1605850957237	Marionette	WARN	TLS certificate errors will be ignored for this session
JavaScript error: , line 0: SecurityError: The operation is insecure.
JavaScript error: https://www.thomascook.in/foreign-exchange/forex-rate-card line 7805 > injectedScript, line 1: TypeError: document.getElementById(...) is null
JavaScript error: https://www.thomascook.in/foreign-exchange/forex-rate-card line 7805 > injectedScript, line 1: ReferenceError: smartech is not defined
JavaScript error: https://www.thomascook.in/foreign-exchange/forex-rate-card line 7805 > injectedScript, line 1: ReferenceError: smartech is not defined
1605851015181	Marionette	INFO	Stopped listening on port 43711
1605851024601	mozrunner::runner	INFO	Running command: "/usr/bin/firefox" "-marionette" "--headless" "--disable-notifications" "--disable-infobars" "--disable-extensions" "-foreground" "-no-remote" "-profile" "/tmp/rust_mozprofilejTGGR1"
*** You are running in headless mode.
console.warn: SearchSettings: "get: No settings file exists, new profile?" (new Error("", "(unknown module)"))
1605851033334	Marionette	INFO	Listening on port 39769
1605851033380	Marionette	WARN	TLS certificate errors will be ignored for this session
1605851052361	Marionette	INFO	Stopped listening on port 39769

###!!! [Child][RunMessage] Error: Channel closing: too late to send/recv, messages will be lost

1605851055468	mozrunner::runner	INFO	Running command: "/usr/bin/firefox" "-marionette" "--headless" "--disable-notifications" "--disable-infobars" "--disable-extensions" "-foreground" "-no-remote" "-profile" "/tmp/rust_mozprofilecL0HJX"
*** You are running in headless mode.
console.warn: SearchSettings: "get: No settings file exists, new profile?" (new Error("", "(unknown module)"))
1605851062310	Marionette	INFO	Listening on port 40287
1605851062360	Marionette	WARN	TLS certificate errors will be ignored for this session
1605851091196	Marionette	INFO	Stopped listening on port 40287

###!!! [Parent][RunMessage] Error: Channel closing: too late to send/recv, messages will be lost

1605852435808	mozrunner::runner	INFO	Running command: "/usr/bin/firefox" "-marionette" "--headless" "--disable-notifications" "--disable-infobars" "--disable-extensions" "-foreground" "-no-remote" "-profile" "/tmp/rust_mozprofilepN41Wx"
*** You are running in headless mode.
console.warn: SearchSettings: "get: No settings file exists, new profile?" (new Error("", "(unknown module)"))
1605852482296	Marionette	INFO	Listening on port 38011
1605852482861	Marionette	WARN	TLS certificate errors will be ignored for this session
JavaScript warning: https://www.bookmyforex.com/assets/www/js/jquery-1.10.2.min.js?v=20190201, line 2: Using //@ to indicate sourceMappingURL pragmas is deprecated. Use //# instead
1605852577145	Marionette	INFO	Stopped listening on port 38011
1605852581940	mozrunner::runner	INFO	Running command: "/usr/bin/firefox" "-marionette" "--headless" "--disable-notifications" "--disable-infobars" "--disable-extensions" "-foreground" "-no-remote" "-profile" "/tmp/rust_mozprofileBXq1ti"
*** You are running in headless mode.
console.warn: SearchSettings: "get: No settings file exists, new profile?" (new Error("", "(unknown module)"))
1605852598495	Marionette	INFO	Listening on port 45553
1605852598641	Marionette	WARN	TLS certificate errors will be ignored for this session
JavaScript error: , line 0: SecurityError: The operation is insecure.
JavaScript error: https://www.thomascook.in/foreign-exchange/forex-rate-card line 7805 > injectedScript, line 1: TypeError: document.getElementById(...) is null
JavaScript error: https://www.thomascook.in/foreign-exchange/forex-rate-card line 7805 > injectedScript, line 1: ReferenceError: smartech is not defined
JavaScript error: https://www.thomascook.in/foreign-exchange/forex-rate-card line 7805 > injectedScript, line 1: ReferenceError: smartech is not defined
1605852633926	Marionette	INFO	Stopped listening on port 45553
1605853812579	mozrunner::runner	INFO	Running command: "/usr/bin/firefox" "-marionette" "--headless" "--disable-notifications" "--disable-infobars" "--disable-extensions" "-foreground" "-no-remote" "-profile" "/tmp/rust_mozprofileWc6vM4"
*** You are running in headless mode.
1605853929583	mozrunner::runner	INFO	Running command: "/usr/bin/firefox" "-marionette" "--headless" "--disable-notifications" "--disable-infobars" "--disable-extensions" "-foreground" "-no-remote" "-profile" "/tmp/rust_mozprofile1HTwYy"
*** You are running in headless mode.
console.warn: SearchSettings: "get: No settings file exists, new profile?" (new Error("", "(unknown module)"))
1605853963805	Marionette	INFO	Listening on port 34075
1605853964123	Marionette	WARN	TLS certificate errors will be ignored for this session
JavaScript warning: https://www.bookmyforex.com/assets/www/js/jquery-1.10.2.min.js?v=20190201, line 2: Using //@ to indicate sourceMappingURL pragmas is deprecated. Use //# instead
1605854026423	Marionette	INFO	Stopped listening on port 34075
1605854028731	mozrunner::runner	INFO	Running command: "/usr/bin/firefox" "-marionette" "--headless" "--disable-notifications" "--disable-infobars" "--disable-extensions" "-foreground" "-no-remote" "-profile" "/tmp/rust_mozprofilep73ITY"
*** You are running in headless mode.
console.warn: SearchSettings: "get: No settings file exists, new profile?" (new Error("", "(unknown module)"))
1605854045633	Marionette	INFO	Listening on port 38525
1605854045675	Marionette	WARN	TLS certificate errors will be ignored for this session
JavaScript error: https://www.thomascook.in/foreign-exchange/forex-rate-card line 7805 > injectedScript, line 1: TypeError: document.getElementById(...) is null
JavaScript error: , line 0: SecurityError: The operation is insecure.
JavaScript error: https://www.thomascook.in/foreign-exchange/forex-rate-card line 7805 > injectedScript, line 1: ReferenceError: smartech is not defined
JavaScript error: https://www.thomascook.in/foreign-exchange/forex-rate-card line 7805 > injectedScript, line 1: ReferenceError: smartech is not defined
1605854083109	Marionette	INFO	Stopped listening on port 38525
1605854086262	mozrunner::runner	INFO	Running command: "/usr/bin/firefox" "-marionette" "--headless" "--disable-notifications" "--disable-infobars" "--disable-extensions" "-foreground" "-no-remote" "-profile" "/tmp/rust_mozprofileHIi9Iy"
*** You are running in headless mode.
console.warn: SearchSettings: "get: No settings file exists, new profile?" (new Error("", "(unknown module)"))
1605854093131	Marionette	INFO	Listening on port 36705
1605854093213	Marionette	WARN	TLS certificate errors will be ignored for this session
1605854121454	Marionette	INFO	Stopped listening on port 36705

###!!! [Child][RunMessage] Error: Channel closing: too late to send/recv, messages will be lost

1605854124912	mozrunner::runner	INFO	Running command: "/usr/bin/firefox" "-marionette" "--headless" "--disable-notifications" "--disable-infobars" "--disable-extensions" "-foreground" "-no-remote" "-profile" "/tmp/rust_mozprofileo3e0LX"
*** You are running in headless mode.
console.warn: SearchSettings: "get: No settings file exists, new profile?" (new Error("", "(unknown module)"))
1605854133468	Marionette	INFO	Listening on port 41769
1605854133629	Marionette	WARN	TLS certificate errors will be ignored for this session
1605854156441	Marionette	INFO	Stopped listening on port 41769
1605855750588	mozrunner::runner	INFO	Running command: "/usr/bin/firefox" "-marionette" "--headless" "--disable-notifications" "--disable-infobars" "--disable-extensions" "-foreground" "-no-remote" "-profile" "/tmp/rust_mozprofilez3vMYG"
*** You are running in headless mode.
console.warn: SearchSettings: "get: No settings file exists, new profile?" (new Error("", "(unknown module)"))
1605855795589	Marionette	INFO	Listening on port 44403
1605855795740	Marionette	WARN	TLS certificate errors will be ignored for this session
JavaScript warning: https://www.bookmyforex.com/assets/www/js/jquery-1.10.2.min.js?v=20190201, line 2: Using //@ to indicate sourceMappingURL pragmas is deprecated. Use //# instead
1605855831136	Marionette	INFO	Stopped listening on port 44403
1605855838852	mozrunner::runner	INFO	Running command: "/usr/bin/firefox" "-marionette" "--headless" "--disable-notifications" "--disable-infobars" "--disable-extensions" "-foreground" "-no-remote" "-profile" "/tmp/rust_mozprofilemlbc1R"
*** You are running in headless mode.
console.warn: SearchSettings: "get: No settings file exists, new profile?" (new Error("", "(unknown module)"))
1605855854083	Marionette	INFO	Listening on port 45609
1605855854131	Marionette	WARN	TLS certificate errors will be ignored for this session
JavaScript error: https://www.thomascook.in/foreign-exchange/forex-rate-card line 7805 > injectedScript, line 1: TypeError: document.getElementById(...) is null
JavaScript error: , line 0: SecurityError: The operation is insecure.
JavaScript error: https://www.thomascook.in/foreign-exchange/forex-rate-card line 7805 > injectedScript, line 1: ReferenceError: smartech is not defined
JavaScript error: https://www.thomascook.in/foreign-exchange/forex-rate-card line 7805 > injectedScript, line 1: ReferenceError: smartech is not defined
1605855962845	Marionette	INFO	Stopped listening on port 45609
1605855967092	mozrunner::runner	INFO	Running command: "/usr/bin/firefox" "-marionette" "--headless" "--disable-notifications" "--disable-infobars" "--disable-extensions" "-foreground" "-no-remote" "-profile" "/tmp/rust_mozprofiledBSH18"
*** You are running in headless mode.
console.warn: SearchSettings: "get: No settings file exists, new profile?" (new Error("", "(unknown module)"))
1605855980477	Marionette	INFO	Listening on port 34795
1605855980597	Marionette	WARN	TLS certificate errors will be ignored for this session
1605856002584	Marionette	INFO	Stopped listening on port 34795
1605856008284	mozrunner::runner	INFO	Running command: "/usr/bin/firefox" "-marionette" "--headless" "--disable-notifications" "--disable-infobars" "--disable-extensions" "-foreground" "-no-remote" "-profile" "/tmp/rust_mozprofileFMslzN"
*** You are running in headless mode.
console.warn: SearchSettings: "get: No settings file exists, new profile?" (new Error("", "(unknown module)"))
1605856019563	Marionette	INFO	Listening on port 33617
1605856019690	Marionette	WARN	TLS certificate errors will be ignored for this session
1605856040486	Marionette	INFO	Stopped listening on port 33617

###!!! [Parent][RunMessage] Error: Channel closing: too late to send/recv, messages will be lost

